<?xml version="1.0" encoding="utf-8"?>
<testsuites>
	<testsuite name="Exercici Funcions Fletxa" time="0.008116" disabled="0" errors="0" tests="5" failures="0" skipped="0" hostname="laptop">
		<testsuite name="Nivell 1 - Exercici 1 - addTwoNumbers" time="0.002605" disabled="0" errors="0" tests="3" failures="0" skipped="0" hostname="laptop">
			<testcase name="should return 3 for 1 + 2" time="0.001271" classname="test"/>
			<testcase name="should return 4 for -1 + 5" time="0.000263" classname="test"/>
			<testcase name="should return 0 for 0 + 0" time="0.000152" classname="test"/>
		</testsuite>
		<testsuite name="Nivell 1 - Exercici 2 - randomNumber" time="0.000662" disabled="0" errors="0" tests="2" failures="0" skipped="0" hostname="laptop">
			<testcase name="should return a number between 0 and 100" time="0.000263" classname="test"/>
			<testcase name="should return an integer" time="0.000133" classname="test"/>
		</testsuite>
		<testsuite name="Nivell 1 - Exercici 3 - Person" time="0.001711" disabled="0" errors="0" tests="1" failures="0" skipped="0" hostname="laptop">
			<testcase name="should log the correct greeting" time="0.001290" classname="test"/>
		</testsuite>
		<testsuite name="Nivell 2 - Exercici 4 - printNumbers" time="0.000540" disabled="0" errors="0" tests="1" failures="0" skipped="0" hostname="laptop">
			<testcase name="should log each number" time="0.000281" classname="test"/>
		</testsuite>
		<testsuite name="Nivell 3 - Exercici 4 - printDelayedMessage" time="0.001253" disabled="0" errors="0" tests="1" failures="0" skipped="0" hostname="laptop">
			<testcase name="should log after 3 seconds" time="0.001156" classname="test"/>
		</testsuite>
	</testsuite>
	<testsuite name="Exercici operador ternario" time="0.005232" disabled="0" errors="0" tests="5" failures="0" skipped="0" hostname="laptop">
		<testsuite name="Nivell 1 - Exercici 1 - canDrive" time="0.000752" disabled="0" errors="0" tests="2" failures="0" skipped="0" hostname="laptop">
			<testcase name="should return &amp;quot;Pots conduir&amp;quot; for age 18" time="0.000347" classname="test"/>
			<testcase name="should return &amp;quot;No pots conduir&amp;quot; for age 17" time="0.000257" classname="test"/>
		</testsuite>
		<testsuite name="Nivell 1 - Exercici 2 - guessTheBigger" time="0.001934" disabled="0" errors="0" tests="2" failures="0" skipped="0" hostname="laptop">
			<testcase name="should return &amp;quot;num1 és més gran&amp;quot; for 5 and 3" time="0.000193" classname="test"/>
			<testcase name="should return &amp;quot;num2 és més gran&amp;quot; for 2 and 4" time="0.001595" classname="test"/>
		</testsuite>
		<testsuite name="Nivell 2 - Exercici 3 - guessTypeNumber" time="0.000698" disabled="0" errors="0" tests="3" failures="0" skipped="0" hostname="laptop">
			<testcase name="should return &amp;quot;Positiu&amp;quot; for 5" time="0.000295" classname="test"/>
			<testcase name="should return &amp;quot;Negatiu&amp;quot; for -3" time="0.000099" classname="test"/>
			<testcase name="should return &amp;quot;Zero&amp;quot; for 0" time="0.000109" classname="test"/>
		</testsuite>
		<testsuite name="Nivell 2 - Exercici 4 - findTheMaxNumber" time="0.000480" disabled="0" errors="0" tests="2" failures="0" skipped="0" hostname="laptop">
			<testcase name="should return 10 for 5, 10, 3" time="0.000178" classname="test"/>
			<testcase name="should return 7 for 1, 7, 4" time="0.000141" classname="test"/>
		</testsuite>
		<testsuite name="Nivell 3 - Exercici 5 - guessOddOrEvenNumber" time="0.000827" disabled="0" errors="0" tests="1" failures="0" skipped="0" hostname="laptop">
			<testcase name="should log &amp;quot;Parell&amp;quot; for even numbers and &amp;quot;Imparell&amp;quot; for odd numbers" time="0.000707" classname="test"/>
		</testsuite>
	</testsuite>
	<testsuite name="Exercici operador ternario" time="0.002225" disabled="0" errors="0" tests="5" failures="0" skipped="0" hostname="laptop">
		<testsuite name="Nivell 1 - Exercici 1 - processNumber" time="0.000536" disabled="0" errors="0" tests="1" failures="0" skipped="0" hostname="laptop">
			<testcase name="should call the callback with the number" time="0.000417" classname="test"/>
		</testsuite>
		<testsuite name="Nivell 1 - Exercici 2 - calculator" time="0.000252" disabled="0" errors="0" tests="1" failures="0" skipped="0" hostname="laptop">
			<testcase name="should call the callback with the sum of two numbers" time="0.000157" classname="test"/>
		</testsuite>
		<testsuite name="Nivell 2 - Exercici 3 - waitAndGreet" time="0.000455" disabled="0" errors="0" tests="1" failures="0" skipped="0" hostname="laptop">
			<testcase name="should call the callback after 2 seconds" time="0.000368" classname="test"/>
		</testsuite>
		<testsuite name="Nivell 2 - Exercici 4 - processElements" time="0.000311" disabled="0" errors="0" tests="1" failures="0" skipped="0" hostname="laptop">
			<testcase name="should call the callback for each element" time="0.000243" classname="test"/>
		</testsuite>
		<testsuite name="Nivell 3 - Exercici 5 - processString" time="0.000366" disabled="0" errors="0" tests="1" failures="0" skipped="0" hostname="laptop">
			<testcase name="should call the callback with the uppercase string" time="0.000272" classname="test"/>
		</testsuite>
	</testsuite>
	<testsuite name="Rest &amp; Spread operators" time="0.000616" disabled="0" errors="0" tests="2" failures="0" skipped="0" hostname="laptop">
		<testsuite name="Nivell 1 - Exercici 1 - arrayNumbers3" time="0.000240" disabled="0" errors="0" tests="1" failures="0" skipped="0" hostname="laptop">
			<testcase name="should contain all elements from arrayNumbers1 and arrayNumbers2" time="0.000159" classname="test"/>
		</testsuite>
		<testsuite name="Nivell 1 - Exercici 1 - addRestParameters" time="0.000239" disabled="0" errors="0" tests="1" failures="0" skipped="0" hostname="laptop">
			<testcase name="should return the sum of all arguments" time="0.000141" classname="test"/>
		</testsuite>
	</testsuite>
	<testsuite name="Nivell 2 - Exercici 3 - citizenPlusCity" time="0.000367" disabled="0" errors="0" tests="1" failures="0" skipped="0" hostname="laptop">
		<testcase name="should be a copy of citizen with an additional property" time="0.000292" classname="test"/>
	</testsuite>
	<testsuite name="Nivell 2 - Exercici 4 -rest" time="0.000312" disabled="0" errors="0" tests="1" failures="0" skipped="0" hostname="laptop">
		<testcase name="rest should contain the remaining elements" time="0.000202" classname="test"/>
	</testsuite>
	<testsuite name="Nivell 3 - Exercici 5 - resultSpreadArgumentsToFunction" time="0.000203" disabled="0" errors="0" tests="1" failures="0" skipped="0" hostname="laptop">
		<testcase name="should be the sum of the arrayNumbers elements" time="0.000116" classname="test"/>
	</testsuite>
	<testsuite name="Nivell 3 - Exercici 6 - objecteFusionat" time="0.000179" disabled="0" errors="0" tests="1" failures="0" skipped="0" hostname="laptop">
		<testcase name="should contain properties from both objects" time="0.000119" classname="test"/>
	</testsuite>
	<testsuite name="Array transformations" time="0.001417" disabled="0" errors="0" tests="6" failures="0" skipped="0" hostname="laptop">
		<testsuite name="Nivell 1 - Exercici 1 - squareNumbersArray" time="0.000179" disabled="0" errors="0" tests="1" failures="0" skipped="0" hostname="laptop">
			<testcase name="should contain the squares of the numbers" time="0.000109" classname="test"/>
		</testsuite>
		<testsuite name="Nivell 1 - Exercici 2 - evenNumbersArray" time="0.000221" disabled="0" errors="0" tests="1" failures="0" skipped="0" hostname="laptop">
			<testcase name="should contain only even numbers" time="0.000131" classname="test"/>
		</testsuite>
		<testsuite name="Nivell 1 - Exercici 3 - firstGreaterThan10" time="0.000169" disabled="0" errors="0" tests="1" failures="0" skipped="0" hostname="laptop">
			<testcase name="should find the first number greater than 10" time="0.000099" classname="test"/>
		</testsuite>
		<testsuite name="Nivell 1 - Exercici 4 - totalCalculated" time="0.000165" disabled="0" errors="0" tests="1" failures="0" skipped="0" hostname="laptop">
			<testcase name="should be the sum of all numbers" time="0.000096" classname="test"/>
		</testsuite>
		<testsuite name="Nivell 2 - Exercici 5 - calculateDoubleGreaterThan10NumbersAddition" time="0.000221" disabled="0" errors="0" tests="1" failures="0" skipped="0" hostname="laptop">
			<testcase name="should return the correct sum" time="0.000151" classname="test"/>
		</testsuite>
		<testsuite name="Nivell 3 - Exercici 6 - everyGreaterThan10 &amp; someGreaterThan10" time="0.000169" disabled="0" errors="0" tests="1" failures="0" skipped="0" hostname="laptop">
			<testcase name="should be true for all and some" time="0.000098" classname="test"/>
		</testsuite>
	</testsuite>
	<testsuite name="Array transformations" time="0.002668" disabled="0" errors="0" tests="4" failures="0" skipped="0" hostname="laptop">
		<testsuite name="Nivell 1 - Exercici 1 - printNamesWithForEach" time="0.001072" disabled="0" errors="0" tests="3" failures="0" skipped="0" hostname="laptop">
			<testcase name="forEach should log each name" time="0.000273" classname="test"/>
			<testsuite name="Nivell 1 - Exercici 2 - for-of" time="0.000394" disabled="0" errors="0" tests="1" failures="0" skipped="0" hostname="laptop">
				<testcase name="should log each name" time="0.000303" classname="test"/>
			</testsuite>
			<testsuite name="Nivell 1 - Exercici 3 - even numbers" time="0.000213" disabled="0" errors="0" tests="1" failures="0" skipped="0" hostname="laptop">
				<testcase name="should contain only even numbers" time="0.000125" classname="test"/>
			</testsuite>
		</testsuite>
		<testsuite name="Nivell 2 - Exercici 4 - for in" time="0.000329" disabled="0" errors="0" tests="1" failures="0" skipped="0" hostname="laptop">
			<testcase name="for-in should log each key-value pair" time="0.000247" classname="test"/>
		</testsuite>
		<testsuite name="Nivell 2 - Exercici 5 - for of with break" time="0.000447" disabled="0" errors="0" tests="1" failures="0" skipped="0" hostname="laptop">
			<testcase name="for-of should log numbers until 5" time="0.000371" classname="test"/>
		</testsuite>
		<testsuite name="Nivell 2 - Exercici 5 - for of with index" time="0.000394" disabled="0" errors="0" tests="1" failures="0" skipped="0" hostname="laptop">
			<testcase name="for-of with index should log each name with its index" time="0.000317" classname="test"/>
		</testsuite>
	</testsuite>
	<testsuite name="Promises &amp; Async/Await" time="9.979575" disabled="0" errors="0" tests="6" failures="0" skipped="0" hostname="laptop">
		<testsuite name="Nivell 1 - Exercise 1 - My First Promise" time="1.961900" disabled="0" errors="0" tests="1" failures="0" skipped="0" hostname="laptop">
			<testcase name="promesa should resolve with &amp;quot;Hola, món&amp;quot;" time="1.961577" classname="test"/>
		</testsuite>
		<testsuite name="Nivell 1 - Exercise 2 - Then Method" time="0.000806" disabled="0" errors="0" tests="1" failures="0" skipped="0" hostname="laptop">
			<testcase name="promesa should resolve with &amp;quot;Hola, món&amp;quot;" time="0.000620" classname="test"/>
		</testsuite>
		<testsuite name="Nivell 1 - Exercise 3 - Promise With Reject" time="4.005891" disabled="0" errors="0" tests="2" failures="0" skipped="0" hostname="laptop">
			<testcase name="promiseWithReject should resolve for &amp;quot;Hola&amp;quot;" time="2.001306" classname="test"/>
			<testcase name="promiseWithReject should reject for other inputs" time="2.003738" classname="test"/>
		</testsuite>
		<testsuite name="Nivell 1 - Exercise 4 - asyncAwaitFunction" time="0.001292" disabled="0" errors="0" tests="1" failures="0" skipped="0" hostname="laptop">
			<testcase name="asyncAwaitFunction should log &amp;quot;Hola, món&amp;quot;" time="0.001009" classname="test"/>
		</testsuite>
		<testsuite name="Nivell 2 - Exercise 5 - try/catch" time="4.007536" disabled="0" errors="0" tests="2" failures="0" skipped="0" hostname="laptop">
			<testcase name="tryCatch should log &amp;quot;Correcte&amp;quot;" time="2.003486" classname="test"/>
			<testcase name="tryCatch should reject for other inputs" time="2.002999" classname="test"/>
		</testsuite>
		<testsuite name="Nivell 3 - Exercise 6 - Promise.all" time="0.001366" disabled="0" errors="0" tests="1" failures="0" skipped="0" hostname="laptop">
			<testcase name="all promises should resolve with both results" time="0.000848" classname="test"/>
		</testsuite>
	</testsuite>
	<!-- tests 49 -->
	<!-- suites 46 -->
	<!-- pass 49 -->
	<!-- fail 0 -->
	<!-- cancelled 0 -->
	<!-- skipped 0 -->
	<!-- todo 0 -->
	<!-- duration_ms 10154.196276 -->
</testsuites>
